<?xml version="1.0" encoding="UTF-8"?>
<!-- Generated by org.testng.reporters.JUnitXMLReporter -->
<testsuite hostname="LAPTOP-05FSNU7O" ignored="0" name="m3o user api test" tests="8" failures="0" timestamp="2021-10-31T20:10:06 IST" time="10.813" errors="0">
  <testcase name="createNewAccount" time="4.395" classname="test_m3o.TC1_PositiveScenario_Create_NewAccount"/>
  <testcase name="createDuplicateAccount" time="0.967" classname="test_m3o.TC2_NegativeScenario_Create_DuplicateAccount"/>
  <testcase name="readCreatedAccount" time="0.908" classname="test_m3o.TC3_PositiveScenario_Read_CreatedAccount"/>
  <testcase name="updateCreatedAccount" time="0.876" classname="test_m3o.TC4_PositiveScenario_Update_CreatedAccount"/>
  <testcase name="readUpdatedAccount" time="0.871" classname="test_m3o.TC5_PositiveScenario_Read_UpdatedAccount"/>
  <testcase name="deleteAccount" time="0.862" classname="test_m3o.TC6_PositiveScenario_Delete_Account"/>
  <testcase name="readDeletedAccount" time="0.904" classname="test_m3o.TC7_NegativeScenario_Read_DeletedAccount"/>
  <testcase name="unauthorizedAccess" time="0.844" classname="test_m3o.TC8_NegativeScenario_UnauthorizedAccess"/>
</testsuite> <!-- m3o user api test -->
