<?xml version="1.0" encoding="UTF-8"?>
<testng-results skipped="0" failed="0" ignored="0" total="8" passed="8">
  <reporter-output>
  </reporter-output>
  <suite name="m3o user api test suite" duration-ms="11966" started-at="2021-10-31T17:50:39 IST" finished-at="2021-10-31T17:50:51 IST">
    <groups>
    </groups>
    <test name="m3o user api test" duration-ms="11966" started-at="2021-10-31T17:50:39 IST" finished-at="2021-10-31T17:50:51 IST">
      <class name="test_m3o.TC4_PositiveScenario_Update_CreatedAccount">
        <test-method status="PASS" signature="updateCreatedAccount()[pri:0, instance:test_m3o.TC4_PositiveScenario_Update_CreatedAccount@533377b]" name="updateCreatedAccount" duration-ms="898" started-at="2021-10-31T17:50:46 IST" finished-at="2021-10-31T17:50:47 IST">
          <reporter-output>
          </reporter-output>
        </test-method> <!-- updateCreatedAccount -->
      </class> <!-- test_m3o.TC4_PositiveScenario_Update_CreatedAccount -->
      <class name="test_m3o.TC8_NegativeScenario_UnauthorizedAccess">
        <test-method status="PASS" signature="unauthorizedAccess()[pri:0, instance:test_m3o.TC8_NegativeScenario_UnauthorizedAccess@346939bf]" name="unauthorizedAccess" duration-ms="928" started-at="2021-10-31T17:50:50 IST" finished-at="2021-10-31T17:50:51 IST">
          <reporter-output>
          </reporter-output>
        </test-method> <!-- unauthorizedAccess -->
      </class> <!-- test_m3o.TC8_NegativeScenario_UnauthorizedAccess -->
      <class name="test_m3o.TC2_NegativeScenario_Create_DuplicateAccount">
        <test-method status="PASS" signature="createDuplicateAccount()[pri:0, instance:test_m3o.TC2_NegativeScenario_Create_DuplicateAccount@67389cb8]" name="createDuplicateAccount" duration-ms="968" started-at="2021-10-31T17:50:44 IST" finished-at="2021-10-31T17:50:45 IST">
          <reporter-output>
          </reporter-output>
        </test-method> <!-- createDuplicateAccount -->
      </class> <!-- test_m3o.TC2_NegativeScenario_Create_DuplicateAccount -->
      <class name="test_m3o.TC6_PositiveScenario_Delete_Account">
        <test-method status="PASS" signature="deleteAccount()[pri:0, instance:test_m3o.TC6_PositiveScenario_Delete_Account@10fde30a]" name="deleteAccount" duration-ms="939" started-at="2021-10-31T17:50:48 IST" finished-at="2021-10-31T17:50:49 IST">
          <reporter-output>
          </reporter-output>
        </test-method> <!-- deleteAccount -->
      </class> <!-- test_m3o.TC6_PositiveScenario_Delete_Account -->
      <class name="test_m3o.TC3_PositiveScenario_Read_CreatedAccount">
        <test-method status="PASS" signature="readCreatedAccount()[pri:0, instance:test_m3o.TC3_PositiveScenario_Read_CreatedAccount@419a20a6]" name="readCreatedAccount" duration-ms="1513" started-at="2021-10-31T17:50:45 IST" finished-at="2021-10-31T17:50:46 IST">
          <reporter-output>
          </reporter-output>
        </test-method> <!-- readCreatedAccount -->
      </class> <!-- test_m3o.TC3_PositiveScenario_Read_CreatedAccount -->
      <class name="test_m3o.TC1_PositiveScenario_Create_NewAccount">
        <test-method status="PASS" signature="createNewAccount()[pri:0, instance:test_m3o.TC1_PositiveScenario_Create_NewAccount@4e517165]" name="createNewAccount" duration-ms="4674" started-at="2021-10-31T17:50:39 IST" finished-at="2021-10-31T17:50:44 IST">
          <reporter-output>
          </reporter-output>
        </test-method> <!-- createNewAccount -->
      </class> <!-- test_m3o.TC1_PositiveScenario_Create_NewAccount -->
      <class name="test_m3o.TC5_PositiveScenario_Read_UpdatedAccount">
        <test-method status="PASS" signature="readUpdatedAccount()[pri:0, instance:test_m3o.TC5_PositiveScenario_Read_UpdatedAccount@3383649e]" name="readUpdatedAccount" duration-ms="955" started-at="2021-10-31T17:50:47 IST" finished-at="2021-10-31T17:50:48 IST">
          <reporter-output>
          </reporter-output>
        </test-method> <!-- readUpdatedAccount -->
      </class> <!-- test_m3o.TC5_PositiveScenario_Read_UpdatedAccount -->
      <class name="test_m3o.TC7_NegativeScenario_Read_DeletedAccount">
        <test-method status="PASS" signature="readDeletedAccount()[pri:0, instance:test_m3o.TC7_NegativeScenario_Read_DeletedAccount@f27ea3]" name="readDeletedAccount" duration-ms="902" started-at="2021-10-31T17:50:49 IST" finished-at="2021-10-31T17:50:50 IST">
          <reporter-output>
          </reporter-output>
        </test-method> <!-- readDeletedAccount -->
      </class> <!-- test_m3o.TC7_NegativeScenario_Read_DeletedAccount -->
    </test> <!-- m3o user api test -->
  </suite> <!-- m3o user api test suite -->
</testng-results>
